Sat, 28 Nov 2020 17:26:50 GMT - Info - Server is running on port: 3030
Sat, 28 Nov 2020 17:26:54 GMT - Info - Server is running on port: 3030
Sat, 28 Nov 2020 17:37:49 GMT - Info - Server is running on port: 3030
Sat, 28 Nov 2020 17:37:52 GMT - Info - Server is running on port: 3030
Sat, 28 Nov 2020 17:41:47 GMT - Info - Server is running on port: 3030
Sat, 28 Nov 2020 17:41:53 GMT - Info - Server is running on port: 3030
Sat, 28 Nov 2020 17:46:27 GMT - Info - Server is running on port: 3030
Sat, 28 Nov 2020 18:02:12 GMT - Info - Server is running on port: 3030
Sat, 28 Nov 2020 18:08:30 GMT - Info - Server is running on port: 3030
Sat, 28 Nov 2020 18:08:46 GMT - Info - Server is running on port: 3030
Sat, 28 Nov 2020 18:24:03 GMT - Info - Server is running on port: 3030
Sat, 28 Nov 2020 18:25:15 GMT - Info - Server is running on port: 3030
Sat, 28 Nov 2020 18:40:28 GMT - Info - Server is running on port: 3030
Sat, 28 Nov 2020 19:28:24 GMT - Info - Server is running on port: 3030
Sat, 28 Nov 2020 19:33:18 GMT - Info - Server is running on port: 3030
Sun, 29 Nov 2020 08:30:04 GMT - Info - Server is running on port: 3030
Sun, 29 Nov 2020 08:33:30 GMT - Info - Server is running on port: 3030
Sun, 29 Nov 2020 08:36:39 GMT - Info - Server is running on port: 3030
Sun, 29 Nov 2020 08:42:07 GMT - Info - Server is running on port: 3030
Sun, 29 Nov 2020 08:46:10 GMT - Info - Server is running on port: 3030
Sun, 29 Nov 2020 08:46:15 GMT - Info - Server is running on port: 3030
Sun, 29 Nov 2020 08:49:26 GMT - Info - Server is running on port: 3030
Sun, 29 Nov 2020 09:03:39 GMT - Info - Server is running on port: 3030
Sun, 29 Nov 2020 09:04:03 GMT - Info - Server is running on port: 3030
Sun, 29 Nov 2020 09:04:48 GMT - Info - Server is running on port: 3030
Sun, 29 Nov 2020 09:06:13 GMT - Info - Server is running on port: 3030
Sun, 29 Nov 2020 09:06:20 GMT - Info - Server is running on port: 3030
Sun, 29 Nov 2020 09:28:43 GMT - Info - Server is running on port: 3030
Sun, 29 Nov 2020 09:29:22 GMT - Info - Server is running on port: 3030
Sun, 29 Nov 2020 09:31:21 GMT - Info - Server is running on port: 3030
Sun, 29 Nov 2020 09:32:02 GMT - Info - Server is running on port: 3030
Sun, 29 Nov 2020 09:37:29 GMT - Info - Server is running on port: 3030
Sun, 29 Nov 2020 09:39:10 GMT - Info - Server is running on port: 3030
Sun, 29 Nov 2020 09:40:53 GMT - Info - Server is running on port: 3030
Sun, 29 Nov 2020 09:40:55 GMT - Info - Server is running on port: 3030
Sun, 29 Nov 2020 09:41:14 GMT - Info - Server is running on port: 3030
Sun, 29 Nov 2020 09:43:33 GMT - Info - Server is running on port: 3030
Sun, 29 Nov 2020 09:58:06 GMT - Info - Server is running on port: 3030
Sun, 29 Nov 2020 09:58:51 GMT - Info - Server is running on port: 3030
Sun, 29 Nov 2020 10:04:18 GMT - Info - Server is running on port: 3030
Sun, 29 Nov 2020 10:05:03 GMT - Info - Server is running on port: 3030
Sun, 29 Nov 2020 10:06:06 GMT - Info - Server is running on port: 3030
Sun, 29 Nov 2020 10:06:40 GMT - Info - Server is running on port: 3030
Sun, 29 Nov 2020 11:25:42 GMT - Info - Server is running on port: 3030
Sun, 29 Nov 2020 11:27:09 GMT - Info - Server is running on port: 3030
Sun, 29 Nov 2020 11:28:01 GMT - Info - Server is running on port: 3030
Sun, 29 Nov 2020 11:29:52 GMT - Info - Server is running on port: 3030
Sun, 29 Nov 2020 11:39:29 GMT - Info - Server is running on port: 3030
Sun, 29 Nov 2020 11:39:57 GMT - Info - Server is running on port: 3030
Sun, 29 Nov 2020 11:45:07 GMT - Info - Server is running on port: 3030
Sun, 29 Nov 2020 11:45:39 GMT - Info - Server is running on port: 3030
Sun, 29 Nov 2020 11:46:26 GMT - Info - Server is running on port: 3030
Sun, 29 Nov 2020 11:48:21 GMT - Info - Server is running on port: 3030
Sun, 29 Nov 2020 11:50:28 GMT - Info - Server is running on port: 3030
Sun, 29 Nov 2020 11:54:34 GMT - Info - Server is running on port: 3030
Sun, 29 Nov 2020 11:54:38 GMT - Info - Server is running on port: 3030
Sun, 29 Nov 2020 11:55:27 GMT - Info - Server is running on port: 3030
Sun, 29 Nov 2020 11:57:49 GMT - Info - Server is running on port: 3030
Sun, 29 Nov 2020 11:59:10 GMT - Info - Server is running on port: 3030
Sun, 29 Nov 2020 11:59:44 GMT - Info - Server is running on port: 3030
Sun, 29 Nov 2020 12:00:28 GMT - Info - Server is running on port: 3030
Sun, 29 Nov 2020 12:05:51 GMT - Info - Server is running on port: 3030
Sun, 29 Nov 2020 12:06:21 GMT - Info - Server is running on port: 3030
Sun, 29 Nov 2020 12:08:33 GMT - Info - Server is running on port: 3030
Sun, 29 Nov 2020 12:08:58 GMT - Info - Server is running on port: 3030
Sun, 29 Nov 2020 12:11:55 GMT - Info - Server is running on port: 3030
Sun, 29 Nov 2020 12:22:04 GMT - Info - Server is running on port: 3030
Sun, 29 Nov 2020 12:22:28 GMT - Info - Server is running on port: 3030
Sun, 29 Nov 2020 12:27:56 GMT - Info - Server is running on port: 3030
Sun, 29 Nov 2020 12:27:59 GMT - Info - Server is running on port: 3030
Sun, 29 Nov 2020 12:28:14 GMT - Info - Server is running on port: 3030
Sun, 29 Nov 2020 12:34:37 GMT - Info - Server is running on port: 3030
Sun, 29 Nov 2020 12:34:56 GMT - Info - Server is running on port: 3030
Sun, 29 Nov 2020 12:35:13 GMT - Info - Server is running on port: 3030
Sun, 29 Nov 2020 12:35:40 GMT - Info - Server is running on port: 3030
Sun, 29 Nov 2020 12:35:59 GMT - Info - Server is running on port: 3030
Sun, 29 Nov 2020 12:45:09 GMT - Info - Server is running on port: 3030
Sun, 29 Nov 2020 12:49:04 GMT - Info - Server is running on port: 3030
Sun, 29 Nov 2020 13:01:23 GMT - Info - Server is running on port: 3030
Sun, 29 Nov 2020 13:04:03 GMT - Info - Server is running on port: 3030
Sun, 29 Nov 2020 13:10:06 GMT - Info - Server is running on port: 3030
Sun, 29 Nov 2020 13:16:22 GMT - Info - Server is running on port: 3030
Sun, 29 Nov 2020 13:16:50 GMT - Info - Server is running on port: 3030
Sun, 29 Nov 2020 13:32:01 GMT - Info - Server is running on port: 3030
Sun, 29 Nov 2020 13:32:29 GMT - Info - Server is running on port: 3030
Sun, 29 Nov 2020 14:27:13 GMT - Info - Server is running on port: 3030
Sun, 29 Nov 2020 14:32:46 GMT - Info - Server is running on port: 3030
Sun, 29 Nov 2020 14:37:05 GMT - Info - Server is running on port: 3030
Sun, 29 Nov 2020 14:38:51 GMT - Info - Server is running on port: 3030
Sun, 29 Nov 2020 14:41:00 GMT - Info - Server is running on port: 3030
Sun, 29 Nov 2020 14:43:08 GMT - Info - Server is running on port: 3030
Sun, 29 Nov 2020 14:57:36 GMT - Info - Server is running on port: 3030
Sun, 29 Nov 2020 15:00:11 GMT - Info - Server is running on port: 3030
Sun, 29 Nov 2020 15:02:11 GMT - Info - Server is running on port: 3030
Sun, 29 Nov 2020 15:02:26 GMT - Info - Server is running on port: 3030
Sun, 29 Nov 2020 15:03:46 GMT - Info - Server is running on port: 3030
Sun, 29 Nov 2020 15:03:51 GMT - Info - Server is running on port: 3030
Sun, 29 Nov 2020 15:05:14 GMT - Info - Server is running on port: 3030
Sun, 29 Nov 2020 15:05:52 GMT - Info - Server is running on port: 3030
Sun, 29 Nov 2020 15:06:38 GMT - Info - Server is running on port: 3030
Sun, 29 Nov 2020 15:30:00 GMT - Info - Server is running on port: 3030
Sun, 29 Nov 2020 15:32:01 GMT - Info - Server is running on port: 3030
Sun, 29 Nov 2020 15:33:46 GMT - Info - Server is running on port: 3030
Sun, 29 Nov 2020 15:35:05 GMT - Info - Server is running on port: 3030
Sun, 29 Nov 2020 15:35:33 GMT - Info - Server is running on port: 3030
Sun, 29 Nov 2020 15:36:36 GMT - Info - Server is running on port: 3030
Sun, 29 Nov 2020 15:37:20 GMT - Info - Server is running on port: 3030
Sun, 29 Nov 2020 15:38:59 GMT - Info - Server is running on port: 3030
Sun, 29 Nov 2020 15:39:20 GMT - Info - Server is running on port: 3030
Sun, 29 Nov 2020 15:41:23 GMT - Info - Server is running on port: 3030
Sun, 29 Nov 2020 15:41:58 GMT - Info - Server is running on port: 3030
Sun, 29 Nov 2020 15:43:10 GMT - Info - Server is running on port: 3030
Sun, 29 Nov 2020 15:44:27 GMT - Info - Server is running on port: 3030
Sun, 29 Nov 2020 15:44:57 GMT - Info - Server is running on port: 3030
Sun, 29 Nov 2020 15:45:40 GMT - Info - Server is running on port: 3030
Sun, 29 Nov 2020 15:46:15 GMT - Info - Server is running on port: 3030
Sun, 29 Nov 2020 15:48:14 GMT - Info - Server is running on port: 3030
Sun, 29 Nov 2020 15:48:34 GMT - Info - Server is running on port: 3030
Sun, 29 Nov 2020 15:50:55 GMT - Info - Server is running on port: 3030
Sun, 29 Nov 2020 15:54:12 GMT - Info - Server is running on port: 3030
Sun, 29 Nov 2020 15:54:17 GMT - Info - Server is running on port: 3030
Sun, 29 Nov 2020 15:55:45 GMT - Info - Server is running on port: 3030
Sun, 29 Nov 2020 16:00:42 GMT - Info - Server is running on port: 3030
Sun, 29 Nov 2020 16:09:08 GMT - Info - Server is running on port: 3030
Sun, 29 Nov 2020 16:42:59 GMT - Info - Server is running on port: 3030
Sun, 29 Nov 2020 16:43:26 GMT - Info - Server is running on port: 3030
Sun, 29 Nov 2020 16:55:38 GMT - Info - Server is running on port: 3030
Sun, 29 Nov 2020 17:14:53 GMT - Info - Server is running on port: 3030
Sun, 29 Nov 2020 17:17:05 GMT - Info - Server is running on port: 3030
Sun, 29 Nov 2020 17:19:00 GMT - Info - Server is running on port: 3030
Sun, 29 Nov 2020 17:22:13 GMT - Info - Server is running on port: 3030
Sun, 29 Nov 2020 17:28:57 GMT - Info - Server is running on port: 3030
Sun, 29 Nov 2020 17:46:40 GMT - Info - Server is running on port: 3030
Sun, 29 Nov 2020 17:47:15 GMT - Info - Server is running on port: 3030
Sun, 29 Nov 2020 18:18:39 GMT - Info - Server is running on port: 3030
Sun, 29 Nov 2020 18:26:52 GMT - Info - Server is running on port: 3030
Sun, 29 Nov 2020 20:40:27 GMT - Info - Server is running on port: 3030
Mon, 30 Nov 2020 08:20:05 GMT - Info - Server is running on port: 3030
Mon, 30 Nov 2020 08:22:59 GMT - Info - Server is running on port: 3030
Mon, 30 Nov 2020 09:52:46 GMT - Info - Server is running on port: 3030
Sun, 29 Nov 2020 21:07:33 GMT - Info - Server is running on port: 3030
Sun, 29 Nov 2020 21:15:57 GMT - Info - Server is running on port: 3030
Sun, 29 Nov 2020 21:37:57 GMT - Info - Server is running on port: 3030
Sun, 29 Nov 2020 21:46:16 GMT - Info - Server is running on port: 3030
Sun, 29 Nov 2020 22:24:45 GMT - Info - Server is running on port: 3030
<<<<<<< HEAD
Sun, 29 Nov 2020 22:40:23 GMT - Info - Server is running on port: 3030
Sun, 29 Nov 2020 22:41:34 GMT - Info - Server is running on port: 3030
Mon, 30 Nov 2020 07:49:47 GMT - Info - Server is running on port: 3030
Mon, 30 Nov 2020 07:51:13 GMT - Info - Server is running on port: 3030
Mon, 30 Nov 2020 07:55:21 GMT - Info - Server is running on port: 3030
Mon, 30 Nov 2020 07:58:10 GMT - Info - Server is running on port: 3030
Mon, 30 Nov 2020 08:04:57 GMT - Info - Server is running on port: 3030
Mon, 30 Nov 2020 09:23:15 GMT - Info - Server is running on port: 3030
Mon, 30 Nov 2020 09:26:33 GMT - Info - Server is running on port: 3030
=======
Mon, 30 Nov 2020 09:07:50 GMT - Info - Server is running on port: 3030
Mon, 30 Nov 2020 11:09:43 GMT - Info - Server is running on port: 3030
Mon, 30 Nov 2020 11:29:25 GMT - Info - Server is running on port: 3030
Mon, 30 Nov 2020 11:38:52 GMT - Info - Server is running on port: 3030
<<<<<<< HEAD
Mon, 30 Nov 2020 15:25:00 GMT - Info - Server is running on port: 3030
Mon, 30 Nov 2020 15:59:42 GMT - Info - Server is running on port: 3030
Mon, 30 Nov 2020 16:02:32 GMT - Info - Server is running on port: 3030
Mon, 30 Nov 2020 16:03:34 GMT - Info - Server is running on port: 3030
Mon, 30 Nov 2020 16:04:41 GMT - Info - Server is running on port: 3030
Mon, 30 Nov 2020 18:19:26 GMT - Info - Server is running on port: 3030
Mon, 30 Nov 2020 18:21:12 GMT - Info - Server is running on port: 3030
Mon, 30 Nov 2020 18:34:02 GMT - Info - Server is running on port: 3030
Mon, 30 Nov 2020 18:36:43 GMT - Info - Server is running on port: 3030
Mon, 30 Nov 2020 18:37:00 GMT - Info - Server is running on port: 3030
Mon, 30 Nov 2020 18:37:06 GMT - Info - Server is running on port: 3030
Mon, 30 Nov 2020 18:42:03 GMT - Info - Server is running on port: 3030
Mon, 30 Nov 2020 18:42:43 GMT - Info - Server is running on port: 3030
Mon, 30 Nov 2020 18:42:52 GMT - Info - Server is running on port: 3030
Mon, 30 Nov 2020 18:43:02 GMT - Info - Server is running on port: 3030
Mon, 30 Nov 2020 18:43:25 GMT - Info - Server is running on port: 3030
Mon, 30 Nov 2020 18:43:39 GMT - Info - Server is running on port: 3030
Mon, 30 Nov 2020 19:20:24 GMT - Info - Server is running on port: 3030
Mon, 30 Nov 2020 19:22:59 GMT - Info - Server is running on port: 3030
=======
Mon, 30 Nov 2020 11:48:54 GMT - Info - Server is running on port: 3030
>>>>>>> 03e16924d9f7e1835979fe3658f5af291584c3bf
<<<<<<< HEAD
Mon, 30 Nov 2020 13:09:21 GMT - Info - Server is running on port: 3030
Mon, 30 Nov 2020 13:09:41 GMT - Info - Server is running on port: 3030
Mon, 30 Nov 2020 13:27:28 GMT - Info - Server is running on port: 3030
Mon, 30 Nov 2020 13:28:00 GMT - Info - Server is running on port: 3030
Mon, 30 Nov 2020 15:29:23 GMT - Info - Server is running on port: 3030
Mon, 30 Nov 2020 15:51:54 GMT - Info - Server is running on port: 3030
Mon, 30 Nov 2020 16:01:09 GMT - Info - Server is running on port: 3030
Mon, 30 Nov 2020 16:21:26 GMT - Info - Server is running on port: 3030
Mon, 30 Nov 2020 16:57:12 GMT - Info - Server is running on port: 3030
Mon, 30 Nov 2020 18:55:23 GMT - Info - Server is running on port: 3030
Mon, 30 Nov 2020 19:04:00 GMT - Info - Server is running on port: 3030
Mon, 30 Nov 2020 19:05:41 GMT - Info - Server is running on port: 3030
Mon, 30 Nov 2020 19:06:02 GMT - Info - Server is running on port: 3030
=======
Mon, 30 Nov 2020 19:39:51 GMT - Info - Server is running on port: 3030
>>>>>>> 5164d864ca0a6cb692120620b010a8019aeb6378
<<<<<<< HEAD
Mon, 30 Nov 2020 20:00:48 GMT - Info - Server is running on port: 3030
Mon, 30 Nov 2020 21:14:06 GMT - Info - Server is running on port: 3030
Tue, 01 Dec 2020 06:50:13 GMT - Info - Server is running on port: 3030
Tue, 01 Dec 2020 06:50:20 GMT - Info - Server is running on port: 3030
Tue, 01 Dec 2020 06:50:31 GMT - Info - Server is running on port: 3030
Tue, 01 Dec 2020 06:51:21 GMT - Info - Server is running on port: 3030
Tue, 01 Dec 2020 06:56:05 GMT - Info - Server is running on port: 3030
Tue, 01 Dec 2020 09:29:31 GMT - Info - Server is running on port: 3030
Tue, 01 Dec 2020 11:16:08 GMT - Info - Server is running on port: 3030
Tue, 01 Dec 2020 12:26:00 GMT - Info - Server is running on port: 3030
Tue, 01 Dec 2020 13:11:33 GMT - Info - Server is running on port: 3030
Tue, 01 Dec 2020 14:56:03 GMT - Info - Server is running on port: 3030
Tue, 01 Dec 2020 18:24:03 GMT - Info - Server is running on port: 3030
Tue, 01 Dec 2020 18:35:32 GMT - Info - Server is running on port: 3030
Tue, 01 Dec 2020 18:39:32 GMT - Info - Server is running on port: 3030
Tue, 01 Dec 2020 18:45:53 GMT - Info - Server is running on port: 3030
Tue, 01 Dec 2020 18:49:07 GMT - Info - Server is running on port: 3030
Tue, 01 Dec 2020 18:49:26 GMT - Info - Server is running on port: 3030
Tue, 01 Dec 2020 18:49:44 GMT - Info - Server is running on port: 3030
Tue, 01 Dec 2020 18:51:33 GMT - Info - Server is running on port: 3030
Tue, 01 Dec 2020 18:55:45 GMT - Info - Server is running on port: 3030
Tue, 01 Dec 2020 19:05:36 GMT - Info - Server is running on port: 3030
Tue, 01 Dec 2020 19:07:54 GMT - Info - Server is running on port: 3030
Tue, 01 Dec 2020 19:12:23 GMT - Info - Server is running on port: 3030
Tue, 01 Dec 2020 19:12:43 GMT - Info - Server is running on port: 3030
Tue, 01 Dec 2020 19:15:26 GMT - Info - Server is running on port: 3030
Tue, 01 Dec 2020 19:30:14 GMT - Info - Server is running on port: 3030
Tue, 01 Dec 2020 19:30:59 GMT - Info - Server is running on port: 3030
Tue, 01 Dec 2020 19:36:48 GMT - Info - Server is running on port: 3030
Tue, 01 Dec 2020 19:40:35 GMT - Info - Server is running on port: 3030
Tue, 01 Dec 2020 19:47:42 GMT - Info - Server is running on port: 3030
Tue, 01 Dec 2020 19:48:28 GMT - Info - Server is running on port: 3030
Tue, 01 Dec 2020 19:48:59 GMT - Info - Server is running on port: 3030
Tue, 01 Dec 2020 19:49:14 GMT - Info - Server is running on port: 3030
Tue, 01 Dec 2020 19:55:23 GMT - Info - Server is running on port: 3030
Tue, 01 Dec 2020 19:58:20 GMT - Info - Server is running on port: 3030
Tue, 01 Dec 2020 19:58:23 GMT - Info - Server is running on port: 3030
Tue, 01 Dec 2020 19:59:04 GMT - Info - Server is running on port: 3030
Tue, 01 Dec 2020 20:09:19 GMT - Info - Server is running on port: 3030
Tue, 01 Dec 2020 20:11:54 GMT - Info - Server is running on port: 3030
Tue, 01 Dec 2020 20:14:49 GMT - Info - Server is running on port: 3030
Tue, 01 Dec 2020 20:59:07 GMT - Info - Server is running on port: 3030
Tue, 01 Dec 2020 21:02:27 GMT - Info - Server is running on port: 3030
Tue, 01 Dec 2020 21:04:16 GMT - Info - Server is running on port: 3030
Tue, 01 Dec 2020 21:07:17 GMT - Info - Server is running on port: 3030
Tue, 01 Dec 2020 21:08:51 GMT - Info - Server is running on port: 3030
Tue, 01 Dec 2020 21:35:46 GMT - Info - Server is running on port: 3030
Tue, 01 Dec 2020 21:41:51 GMT - Info - Server is running on port: 3030
Tue, 01 Dec 2020 21:42:07 GMT - Info - Server is running on port: 3030
Tue, 01 Dec 2020 21:51:41 GMT - Info - Server is running on port: 3030
Tue, 01 Dec 2020 21:51:53 GMT - Info - Server is running on port: 3030
Tue, 01 Dec 2020 22:08:55 GMT - Info - Server is running on port: 3030
Tue, 01 Dec 2020 23:10:29 GMT - Info - Server is running on port: 3030
Wed, 02 Dec 2020 08:06:53 GMT - Info - Server is running on port: 3030
Wed, 02 Dec 2020 08:12:05 GMT - Info - Server is running on port: 3030
Wed, 02 Dec 2020 09:09:26 GMT - Info - Server is running on port: 3030
Wed, 02 Dec 2020 10:57:38 GMT - Info - Server is running on port: 3030
Wed, 02 Dec 2020 11:09:00 GMT - Debug - auth.service - login with email: ram@gmail.com
Wed, 02 Dec 2020 11:09:05 GMT - Debug - auth.service - login with email: ram@gmail.com
Wed, 02 Dec 2020 12:22:38 GMT - Debug - auth.service - login with email: ad@gmail.com
Wed, 02 Dec 2020 12:27:22 GMT - Info - Server is running on port: 3030
Wed, 02 Dec 2020 12:27:55 GMT - Info - Server is running on port: 3030
Wed, 02 Dec 2020 12:28:06 GMT - Info - Server is running on port: 3030
Wed, 02 Dec 2020 19:35:35 GMT - Debug - auth.service - login with email: tom@gmail.co
Thu, 03 Dec 2020 09:16:51 GMT - Debug - auth.service - login with email: ram@gmail.com
Thu, 03 Dec 2020 11:52:58 GMT - Debug - rotem@gmail.com, rotem, 555
Thu, 03 Dec 2020 11:52:58 GMT - Debug - auth.service - signup with email: rotem@gmail.com, username: rotem
Thu, 03 Dec 2020 11:52:58 GMT - Debug - auth.route - new account created: {"email":"rotem@gmail.com","password":"$2b$10$FkLFAVG0LBXyiJjE0D3vteECJqfwn3VOeIzApifehJVsqw6RzwSma","username":"rotem","_id":"5fc8d19a169c403054673e00"}
Thu, 03 Dec 2020 11:52:58 GMT - Debug - auth.service - login with email: rotem@gmail.com
Thu, 03 Dec 2020 11:56:09 GMT - Debug - auth.service - login with email: 
Thu, 03 Dec 2020 18:15:04 GMT - Info - Server is running on port: 3030
Thu, 03 Dec 2020 18:26:24 GMT - Info - Server is running on port: 3030
Thu, 03 Dec 2020 18:27:53 GMT - Info - Server is running on port: 3030
Thu, 03 Dec 2020 18:49:18 GMT - Info - Server is running on port: 3030
=======
Mon, 30 Nov 2020 20:00:48 GMT - Info - Server is running on port: 3030
Mon, 30 Nov 2020 21:14:06 GMT - Info - Server is running on port: 3030
Tue, 01 Dec 2020 06:50:13 GMT - Info - Server is running on port: 3030
Tue, 01 Dec 2020 06:50:20 GMT - Info - Server is running on port: 3030
Tue, 01 Dec 2020 06:50:31 GMT - Info - Server is running on port: 3030
Tue, 01 Dec 2020 06:51:21 GMT - Info - Server is running on port: 3030
Tue, 01 Dec 2020 06:56:05 GMT - Info - Server is running on port: 3030
Tue, 01 Dec 2020 09:29:31 GMT - Info - Server is running on port: 3030
Tue, 01 Dec 2020 11:16:08 GMT - Info - Server is running on port: 3030
Tue, 01 Dec 2020 12:26:00 GMT - Info - Server is running on port: 3030
Tue, 01 Dec 2020 13:11:33 GMT - Info - Server is running on port: 3030
Tue, 01 Dec 2020 14:56:03 GMT - Info - Server is running on port: 3030
Tue, 01 Dec 2020 18:24:03 GMT - Info - Server is running on port: 3030
Tue, 01 Dec 2020 18:35:32 GMT - Info - Server is running on port: 3030
Tue, 01 Dec 2020 18:39:32 GMT - Info - Server is running on port: 3030
Tue, 01 Dec 2020 18:45:53 GMT - Info - Server is running on port: 3030
Tue, 01 Dec 2020 18:49:07 GMT - Info - Server is running on port: 3030
Tue, 01 Dec 2020 18:49:26 GMT - Info - Server is running on port: 3030
Tue, 01 Dec 2020 18:49:44 GMT - Info - Server is running on port: 3030
Tue, 01 Dec 2020 18:51:33 GMT - Info - Server is running on port: 3030
Tue, 01 Dec 2020 18:55:45 GMT - Info - Server is running on port: 3030
Tue, 01 Dec 2020 19:05:36 GMT - Info - Server is running on port: 3030
Tue, 01 Dec 2020 19:07:54 GMT - Info - Server is running on port: 3030
Tue, 01 Dec 2020 19:12:23 GMT - Info - Server is running on port: 3030
Tue, 01 Dec 2020 19:12:43 GMT - Info - Server is running on port: 3030
Tue, 01 Dec 2020 19:15:26 GMT - Info - Server is running on port: 3030
Tue, 01 Dec 2020 19:30:14 GMT - Info - Server is running on port: 3030
Tue, 01 Dec 2020 19:30:59 GMT - Info - Server is running on port: 3030
Tue, 01 Dec 2020 19:36:48 GMT - Info - Server is running on port: 3030
Tue, 01 Dec 2020 19:40:35 GMT - Info - Server is running on port: 3030
Tue, 01 Dec 2020 19:47:42 GMT - Info - Server is running on port: 3030
Tue, 01 Dec 2020 19:48:28 GMT - Info - Server is running on port: 3030
Tue, 01 Dec 2020 19:48:59 GMT - Info - Server is running on port: 3030
Tue, 01 Dec 2020 19:49:14 GMT - Info - Server is running on port: 3030
Tue, 01 Dec 2020 19:55:23 GMT - Info - Server is running on port: 3030
Tue, 01 Dec 2020 19:58:20 GMT - Info - Server is running on port: 3030
Tue, 01 Dec 2020 19:58:23 GMT - Info - Server is running on port: 3030
Tue, 01 Dec 2020 19:59:04 GMT - Info - Server is running on port: 3030
Tue, 01 Dec 2020 20:09:19 GMT - Info - Server is running on port: 3030
Tue, 01 Dec 2020 20:11:54 GMT - Info - Server is running on port: 3030
Tue, 01 Dec 2020 20:14:49 GMT - Info - Server is running on port: 3030
Tue, 01 Dec 2020 20:59:07 GMT - Info - Server is running on port: 3030
Tue, 01 Dec 2020 21:02:27 GMT - Info - Server is running on port: 3030
Tue, 01 Dec 2020 21:04:16 GMT - Info - Server is running on port: 3030
Tue, 01 Dec 2020 21:07:17 GMT - Info - Server is running on port: 3030
Tue, 01 Dec 2020 21:08:51 GMT - Info - Server is running on port: 3030
Tue, 01 Dec 2020 21:35:46 GMT - Info - Server is running on port: 3030
Tue, 01 Dec 2020 21:41:51 GMT - Info - Server is running on port: 3030
Tue, 01 Dec 2020 21:42:07 GMT - Info - Server is running on port: 3030
Tue, 01 Dec 2020 21:51:41 GMT - Info - Server is running on port: 3030
Tue, 01 Dec 2020 21:51:53 GMT - Info - Server is running on port: 3030
Tue, 01 Dec 2020 22:08:55 GMT - Info - Server is running on port: 3030
Tue, 01 Dec 2020 23:10:29 GMT - Info - Server is running on port: 3030
Wed, 02 Dec 2020 08:06:53 GMT - Info - Server is running on port: 3030
Wed, 02 Dec 2020 08:12:05 GMT - Info - Server is running on port: 3030
Wed, 02 Dec 2020 09:09:26 GMT - Info - Server is running on port: 3030

Wed, 02 Dec 2020 12:36:42 GMT - Info - Server is running on port: 3030
Wed, 02 Dec 2020 13:34:03 GMT - Info - Server is running on port: 3030
Wed, 02 Dec 2020 13:59:45 GMT - Debug - auth.service - login with email: dennisnemirovski@gmail.com
Wed, 02 Dec 2020 13:59:45 GMT - Debug - auth.service - login with email: dennisnemirovski@gmail.com
Wed, 02 Dec 2020 13:59:45 GMT - Debug - auth.service - login with email: dennisnemirovski@gmail.com
Wed, 02 Dec 2020 13:59:46 GMT - Debug - auth.service - login with email: dennisnemirovski@gmail.com
Wed, 02 Dec 2020 13:59:46 GMT - Debug - auth.service - login with email: dennisnemirovski@gmail.com
Wed, 02 Dec 2020 13:59:49 GMT - Debug - auth.service - login with email: dennisnemirovski@gmail.com
Wed, 02 Dec 2020 13:59:49 GMT - Debug - auth.service - login with email: dennisnemirovski@gmail.com
Wed, 02 Dec 2020 13:59:50 GMT - Debug - auth.service - login with email: dennisnemirovski@gmail.com
Wed, 02 Dec 2020 13:59:50 GMT - Debug - auth.service - login with email: dennisnemirovski@gmail.com
Wed, 02 Dec 2020 13:59:50 GMT - Debug - auth.service - login with email: dennisnemirovski@gmail.com
Wed, 02 Dec 2020 14:01:37 GMT - Debug - dennisnemirovski@gmail.com, dennis, 123
Wed, 02 Dec 2020 14:01:37 GMT - Debug - auth.service - signup with email: dennisnemirovski@gmail.com, username: dennis
Wed, 02 Dec 2020 14:01:37 GMT - Debug - auth.route - new account created: {"email":"dennisnemirovski@gmail.com","password":"$2b$10$fdWB4lPhBFMoDfqiImCrBewUkuEjIyKE6HMMYo8KN5iKEAxijVU3W","username":"dennis","_id":"5fc79e41cdd1674ab0687fba"}
Wed, 02 Dec 2020 14:01:37 GMT - Debug - auth.service - login with email: dennisnemirovski@gmail.com
Wed, 02 Dec 2020 14:02:25 GMT - Debug - auth.service - login with email: dennisnemirovski@gmail.com
Wed, 02 Dec 2020 14:03:33 GMT - Debug - dennis1@gmail.com, roni, 123
Wed, 02 Dec 2020 14:03:33 GMT - Debug - auth.service - signup with email: dennis1@gmail.com, username: roni
Wed, 02 Dec 2020 14:03:33 GMT - Debug - auth.route - new account created: {"email":"dennis1@gmail.com","password":"$2b$10$rCEx0Z4QrOt9rZGPBkYF8eXRMOfFzCzcH87Tunz.pEeRR6LaeV8HS","username":"roni","_id":"5fc79eb5cdd1674ab0687fbb"}
Wed, 02 Dec 2020 14:03:33 GMT - Debug - auth.service - login with email: dennis1@gmail.com
Wed, 02 Dec 2020 14:45:21 GMT - Info - Server is running on port: 3030
Wed, 02 Dec 2020 15:35:22 GMT - Debug - dennis@gmail.com, Roni, 123
Wed, 02 Dec 2020 15:35:22 GMT - Debug - auth.service - signup with email: dennis@gmail.com, username: Roni
Wed, 02 Dec 2020 15:35:22 GMT - Debug - auth.route - new account created: {"email":"dennis@gmail.com","password":"$2b$10$yZYf1pjrRk/BFoPzIvejq.f.fUgVGZzLydTmfFN.rljIk5fetc1TW","username":"Roni","_id":"5fc7b43ac850ed3878db3485"}
Wed, 02 Dec 2020 15:35:22 GMT - Debug - auth.service - login with email: dennis@gmail.com
Wed, 02 Dec 2020 16:52:04 GMT - Info - Server is running on port: 3030
Wed, 02 Dec 2020 16:52:17 GMT - Info - Server is running on port: 3030
Wed, 02 Dec 2020 16:59:51 GMT - Info - Server is running on port: 3030
Wed, 02 Dec 2020 17:00:13 GMT - Info - Server is running on port: 3030
Wed, 02 Dec 2020 17:00:22 GMT - Info - Server is running on port: 3030
Wed, 02 Dec 2020 17:08:41 GMT - Info - Server is running on port: 3030
Wed, 02 Dec 2020 17:09:31 GMT - Info - Server is running on port: 3030
Wed, 02 Dec 2020 17:12:10 GMT - Info - Server is running on port: 3030
Wed, 02 Dec 2020 17:15:31 GMT - Info - Server is running on port: 3030
Wed, 02 Dec 2020 17:15:45 GMT - Info - Server is running on port: 3030
Wed, 02 Dec 2020 17:15:58 GMT - Info - Server is running on port: 3030
Wed, 02 Dec 2020 17:25:43 GMT - Info - Server is running on port: 3030
Wed, 02 Dec 2020 17:35:17 GMT - Info - Server is running on port: 3030
Wed, 02 Dec 2020 17:37:48 GMT - Info - Server is running on port: 3030
Wed, 02 Dec 2020 17:52:55 GMT - Info - Server is running on port: 3030
Wed, 02 Dec 2020 19:32:10 GMT - Info - Server is running on port: 3030
Wed, 02 Dec 2020 19:36:22 GMT - Info - Server is running on port: 3030
Wed, 02 Dec 2020 19:37:57 GMT - Info - Server is running on port: 3030
Wed, 02 Dec 2020 19:41:37 GMT - Info - Server is running on port: 3030
Wed, 02 Dec 2020 19:41:53 GMT - Info - Server is running on port: 3030
Wed, 02 Dec 2020 20:07:13 GMT - Info - Server is running on port: 3030
Thu, 03 Dec 2020 09:24:50 GMT - Info - Server is running on port: 3030
Thu, 03 Dec 2020 09:30:21 GMT - Info - Server is running on port: 3030
Thu, 03 Dec 2020 09:31:19 GMT - Info - Server is running on port: 3030
Thu, 03 Dec 2020 11:00:20 GMT - Info - Server is running on port: 3030
Thu, 03 Dec 2020 12:00:19 GMT - Info - Server is running on port: 3030
Thu, 03 Dec 2020 12:05:13 GMT - Info - Server is running on port: 3030
Thu, 03 Dec 2020 12:15:04 GMT - Info - Server is running on port: 3030
>>>>>>> 07630e1c92ae47d55ba95cc9b36dfb3d90954ca2
Thu, 03 Dec 2020 18:49:59 GMT - Info - Server is running on port: 3030
Fri, 04 Dec 2020 16:19:09 GMT - Info - Server is running on port: 3030
Sat, 05 Dec 2020 11:09:45 GMT - Info - Server is running on port: 3030
Sat, 05 Dec 2020 11:23:08 GMT - Info - Server is running on port: 3030
Sat, 05 Dec 2020 14:10:51 GMT - Info - Server is running on port: 3030
Sat, 05 Dec 2020 20:14:38 GMT - Info - Server is running on port: 3030
Sun, 06 Dec 2020 09:43:05 GMT - Debug - ItayResponder@walla.com, ItayResponder, 123
Sun, 06 Dec 2020 09:43:05 GMT - Debug - auth.service - signup with email: ItayResponder@walla.com, username: ItayResponder
Sun, 06 Dec 2020 09:43:05 GMT - Debug - auth.route - new account created: {"email":"ItayResponder@walla.com","password":"$2b$10$6fVr4HIZuTD.g6RLSgZhl.NROoDXbUFE89yYp3eirMcn3SMXtq4eO","username":"ItayResponder","_id":"5fcca7a926909928a85ea0a4"}
Sun, 06 Dec 2020 09:43:05 GMT - Debug - auth.service - login with email: ItayResponder@walla.com
Sun, 06 Dec 2020 09:47:23 GMT - Debug - auth.service - login with email: 
Sun, 06 Dec 2020 09:47:49 GMT - Debug - itayResponder@walla.com, ItayResponder, 123
Sun, 06 Dec 2020 09:47:49 GMT - Debug - auth.service - signup with email: itayResponder@walla.com, username: ItayResponder
Sun, 06 Dec 2020 09:47:49 GMT - Debug - auth.route - new account created: {"email":"itayResponder@walla.com","password":"$2b$10$j5iOK5XT7/uI8.CcaxDKW.kP6I4c/YnItJL2dZRug1Mu35Bb5aQxq","username":"ItayResponder","_id":"5fcca8c526909928a85ea0a6"}
Sun, 06 Dec 2020 09:47:49 GMT - Debug - auth.service - login with email: itayResponder@walla.com
Sun, 06 Dec 2020 10:47:14 GMT - Info - Server is running on port: 3030
Sun, 06 Dec 2020 11:00:49 GMT - Info - Server is running on port: 3030
Sun, 06 Dec 2020 11:24:39 GMT - Info - Server is running on port: 3030
Sun, 06 Dec 2020 15:41:47 GMT - Info - Server is running on port: 3030
Sun, 06 Dec 2020 21:00:16 GMT - Info - Server is running on port: 3030
Mon, 07 Dec 2020 16:30:42 GMT - Info - Server is running on port: 3030
Tue, 08 Dec 2020 10:18:22 GMT - Info - Server is running on port: 3030
